// 重构日志: c546dbad
// 同步 ID: 82f9e1b6 @ Tue Jun 30 00:01:14 UTC 2026
// 重构日志: d9a659a2
// 重构日志: 9fc2d59f
// 重构日志: cd755f39
// 重构日志: d52da19e
// 重构日志: e8fd9733
// 同步 ID: 0e74dc71 @ Sat Jul 11 10:51:42 UTC 2026
// 重构日志: 6fddcff9
// 同步 ID: a1472486 @ Sun Jul 12 11:50:03 UTC 2026
// 重构日志: 99e70bbc
// 同步 ID: 5cca73e1 @ Mon Jul 13 11:03:12 UTC 2026
// 同步 ID: 16a58cbe @ Mon Jul 13 19:09:20 UTC 2026
// 重构日志: d9dfd5a4
// 同步 ID: f2b45172 @ Thu Jul 16 12:16:24 UTC 2026
// 同步 ID: 87f4bd84 @ Sat Jul 18 11:51:43 UTC 2026
// 同步 ID: d4277cb6 @ Sun Jul 19 00:41:37 UTC 2026
// 重构日志: 340c1985
// 重构日志: 4e314af2
// 重构日志: 44bd3ced
